<?xml version="1.0" encoding="UTF-8"?>
<!-- Generated by org.testng.reporters.JUnitReportReporter -->
<testsuite hostname="WN7-6Y1FVS1" name="vineetdoubt.ReadCopyWrite" tests="1" failures="0" timestamp="21 Mar 2014 09:38:08 GMT" time="0.700" errors="0">
  <testcase name="loopxl" time="0.700" classname="vineetdoubt.ReadCopyWrite"/>
</testsuite> <!-- vineetdoubt.ReadCopyWrite -->
