<?xml version="1.0" encoding="UTF-8"?>
<!-- Generated by org.testng.reporters.JUnitReportReporter -->
<testsuite hostname="WN7-6Y1FVS1" name="selenium.TestGrid" tests="1" failures="0" timestamp="7 Feb 2014 18:58:50 GMT" time="31.478" errors="0">
  <testcase name="TestG" time="31.478" classname="selenium.TestGrid"/>
</testsuite> <!-- selenium.TestGrid -->
