<?xml version="1.0" encoding="UTF-8"?>
<!-- Generated by org.testng.reporters.JUnitReportReporter -->
<testsuite hostname="WN7-6Y1FVS1" name="selenium.TestAnnotation" tests="4" failures="0" timestamp="7 Feb 2014 18:47:10 GMT" time="0.017" errors="0">
  <testcase name="Test3" time="0.001" classname="selenium.TestAnnotation"/>
  <testcase name="Test2" time="0.004" classname="selenium.TestAnnotation"/>
  <testcase name="Test4" time="0.001" classname="selenium.TestAnnotation"/>
  <testcase name="Test1" time="0.011" classname="selenium.TestAnnotation"/>
</testsuite> <!-- selenium.TestAnnotation -->
