<?xml version="1.0" encoding="UTF-8"?>
<!-- Generated by org.testng.reporters.JUnitReportReporter -->
<testsuite hostname="WN7-6Y1FVS1" name="selenium.mYNTRA" tests="1" failures="0" timestamp="24 Feb 2014 18:40:17 GMT" time="116.216" errors="0">
  <testcase name="TestLogin" time="116.216" classname="selenium.mYNTRA"/>
</testsuite> <!-- selenium.mYNTRA -->
