<?xml version="1.0" encoding="UTF-8"?>
<!-- Generated by org.testng.reporters.JUnitReportReporter -->
<testsuite hostname="WN7-6Y1FVS1" name="OtherBrowser.TestHTML" tests="1" failures="0" timestamp="22 Mar 2014 21:29:27 GMT" time="76.110" errors="0">
  <testcase name="Testbrowser" time="76.110" classname="OtherBrowser.TestHTML"/>
</testsuite> <!-- OtherBrowser.TestHTML -->
