<?xml version="1.0" encoding="UTF-8"?>
<!-- Generated by org.testng.reporters.JUnitReportReporter -->
<testsuite hostname="WN7-6Y1FVS1" name="MoreAnnotation.TestMethod" tests="3" failures="0" timestamp="18 Feb 2014 22:13:10 GMT" time="0.035" errors="0">
  <testcase name="Test3" time="0.016" classname="MoreAnnotation.TestMethod"/>
  <testcase name="Test2" time="0.005" classname="MoreAnnotation.TestMethod"/>
  <testcase name="Test1" time="0.014" classname="MoreAnnotation.TestMethod"/>
</testsuite> <!-- MoreAnnotation.TestMethod -->
