<?xml version="1.0" encoding="UTF-8"?>
<!-- Generated by org.testng.reporters.JUnitReportReporter -->
<testsuite hostname="WN7-6Y1FVS1" name="KeyBoardEvents.TestRightClick" tests="1" failures="0" timestamp="12 Mar 2014 12:24:25 GMT" time="26.293" errors="0">
  <testcase name="TestRigjt" time="26.293" classname="KeyBoardEvents.TestRightClick"/>
</testsuite> <!-- KeyBoardEvents.TestRightClick -->
