<?xml version="1.0" encoding="UTF-8"?>
<!-- Generated by org.testng.reporters.JUnitReportReporter -->
<testsuite hostname="WN7-6Y1FVS1" name="selenium.TestActions" tests="1" failures="0" timestamp="7 Feb 2014 17:36:28 GMT" time="12.413" errors="0">
  <testcase name="TestAc" time="12.413" classname="selenium.TestActions"/>
</testsuite> <!-- selenium.TestActions -->
