<?xml version="1.0" encoding="UTF-8"?>
<!-- Generated by org.testng.reporters.JUnitReportReporter -->
<testsuite hostname="WN7-6Y1FVS1" name="MoreAnnotation.TestParaameter" tests="2" failures="0" timestamp="18 Feb 2014 21:17:07 GMT" time="0.019" errors="0">
  <testcase name="Testpara" time="0.002" classname="MoreAnnotation.TestParaameter"/>
  <testcase name="TestData1" time="0.017" classname="MoreAnnotation.TestParaameter"/>
</testsuite> <!-- MoreAnnotation.TestParaameter -->
