<?xml version="1.0" encoding="UTF-8"?>
<!-- Generated by org.testng.reporters.JUnitReportReporter -->
<testsuite hostname="WN7-6Y1FVS1" name="MoreAnnotation.TestGroup" tests="4" failures="0" timestamp="18 Feb 2014 21:38:43 GMT" time="0.019" errors="0">
  <testcase name="Test1" time="0.014" classname="MoreAnnotation.TestGroup"/>
  <testcase name="Test2" time="0.002" classname="MoreAnnotation.TestGroup"/>
  <testcase name="Test3" time="0.001" classname="MoreAnnotation.TestGroup"/>
  <testcase name="TestDependency" time="0.002" classname="MoreAnnotation.TestGroup"/>
</testsuite> <!-- MoreAnnotation.TestGroup -->
