<?xml version="1.0" encoding="UTF-8"?>
<!-- Generated by org.testng.reporters.JUnitReportReporter -->
<testsuite hostname="WN7-6Y1FVS1" name="MoreAnnotation.TestGroupClass" tests="3" failures="0" timestamp="18 Feb 2014 20:43:27 GMT" time="0.020" errors="0">
  <testcase name="Test1" time="0.014" classname="MoreAnnotation.TestGroupClass"/>
  <testcase name="Test2" time="0.004" classname="MoreAnnotation.TestGroupClass"/>
  <testcase name="Test3" time="0.002" classname="MoreAnnotation.TestGroupClass"/>
</testsuite> <!-- MoreAnnotation.TestGroupClass -->
