<?xml version="1.0" encoding="UTF-8"?>
<!-- Generated by org.testng.reporters.JUnitReportReporter -->
<testsuite hostname="WN7-6Y1FVS1" name="selenium.TestFF" tests="1" failures="0" timestamp="16 Feb 2014 21:17:00 GMT" time="43.772" errors="0">
  <testcase name="testdemo" time="43.772" classname="selenium.TestFF"/>
</testsuite> <!-- selenium.TestFF -->
