<?xml version="1.0" encoding="UTF-8"?>
<!-- Generated by org.testng.reporters.JUnitReportReporter -->
<testsuite hostname="WN7-6Y1FVS1" name="selenium.TestFF1" tests="1" failures="0" timestamp="16 Feb 2014 21:12:42 GMT" time="70.668" errors="0">
  <testcase name="Testf" time="70.668" classname="selenium.TestFF1"/>
</testsuite> <!-- selenium.TestFF1 -->
